INFO 2025-05-11 21:57:55,457 form Validation des champs pour la catégorie: Accessoires
INFO 2025-05-11 21:57:55,459 form Ajout des champs dynamiques pour la catégorie: Accessoires
DEBUG 2025-05-11 21:57:55,460 form Champ ajouté: caracteristique_type_accessoire (requis: True)
DEBUG 2025-05-11 21:57:55,460 form Champ ajouté: caracteristique_compatibilite (requis: True)
DEBUG 2025-05-11 21:57:55,461 form Champ ajouté: caracteristique_connectivite (requis: False)
DEBUG 2025-05-11 21:57:55,463 form Champ ajouté: caracteristique_couleur (requis: False)
DEBUG 2025-05-11 21:57:55,463 form Champ ajouté: caracteristique_materiaux (requis: False)
DEBUG 2025-05-11 21:57:55,464 form Champ ajouté: caracteristique_dimensions (requis: False)
DEBUG 2025-05-11 21:57:55,465 form Champ ajouté: caracteristique_poids (requis: False)
DEBUG 2025-05-11 21:57:55,465 form Champ ajouté: caracteristique_resistance (requis: False)
DEBUG 2025-05-11 21:57:55,466 form Champ ajouté: caracteristique_garantie (requis: False)
DEBUG 2025-05-11 21:57:55,466 form Champ ajouté: caracteristique_caracteristiques_speciales (requis: False)
WARNING 2025-05-11 21:57:55,467 form Champ requis manquant: caracteristique_type_accessoire
WARNING 2025-05-11 21:57:55,467 form Champ requis manquant: caracteristique_compatibilite
INFO 2025-05-11 21:57:59,622 form Validation des champs pour la catégorie: Accessoires
INFO 2025-05-11 21:57:59,623 form Ajout des champs dynamiques pour la catégorie: Accessoires
DEBUG 2025-05-11 21:57:59,625 form Champ ajouté: caracteristique_type_accessoire (requis: True)
DEBUG 2025-05-11 21:57:59,626 form Champ ajouté: caracteristique_compatibilite (requis: True)
DEBUG 2025-05-11 21:57:59,628 form Champ ajouté: caracteristique_connectivite (requis: False)
DEBUG 2025-05-11 21:57:59,630 form Champ ajouté: caracteristique_couleur (requis: False)
DEBUG 2025-05-11 21:57:59,631 form Champ ajouté: caracteristique_materiaux (requis: False)
DEBUG 2025-05-11 21:57:59,634 form Champ ajouté: caracteristique_dimensions (requis: False)
DEBUG 2025-05-11 21:57:59,634 form Champ ajouté: caracteristique_poids (requis: False)
DEBUG 2025-05-11 21:57:59,635 form Champ ajouté: caracteristique_resistance (requis: False)
DEBUG 2025-05-11 21:57:59,637 form Champ ajouté: caracteristique_garantie (requis: False)
DEBUG 2025-05-11 21:57:59,638 form Champ ajouté: caracteristique_caracteristiques_speciales (requis: False)
WARNING 2025-05-11 21:57:59,639 form Champ requis manquant: caracteristique_type_accessoire
WARNING 2025-05-11 21:57:59,641 form Champ requis manquant: caracteristique_compatibilite
INFO 2025-05-11 21:58:05,919 form Validation des champs pour la catégorie: Accessoires
INFO 2025-05-11 21:58:05,921 form Ajout des champs dynamiques pour la catégorie: Accessoires
DEBUG 2025-05-11 21:58:05,922 form Champ ajouté: caracteristique_type_accessoire (requis: True)
DEBUG 2025-05-11 21:58:05,922 form Champ ajouté: caracteristique_compatibilite (requis: True)
DEBUG 2025-05-11 21:58:05,923 form Champ ajouté: caracteristique_connectivite (requis: False)
DEBUG 2025-05-11 21:58:05,923 form Champ ajouté: caracteristique_couleur (requis: False)
DEBUG 2025-05-11 21:58:05,925 form Champ ajouté: caracteristique_materiaux (requis: False)
DEBUG 2025-05-11 21:58:05,925 form Champ ajouté: caracteristique_dimensions (requis: False)
DEBUG 2025-05-11 21:58:05,926 form Champ ajouté: caracteristique_poids (requis: False)
DEBUG 2025-05-11 21:58:05,926 form Champ ajouté: caracteristique_resistance (requis: False)
DEBUG 2025-05-11 21:58:05,926 form Champ ajouté: caracteristique_garantie (requis: False)
DEBUG 2025-05-11 21:58:05,928 form Champ ajouté: caracteristique_caracteristiques_speciales (requis: False)
WARNING 2025-05-11 21:58:05,928 form Champ requis manquant: caracteristique_type_accessoire
WARNING 2025-05-11 21:58:05,929 form Champ requis manquant: caracteristique_compatibilite
INFO 2025-05-11 22:11:48,165 views Formulaire soumis avec la catégorie: Smartphones
INFO 2025-05-11 22:28:31,435 views Formulaire soumis avec la catégorie: Smartphones
INFO 2025-05-11 22:37:59,276 views Formulaire soumis avec la catégorie: Smartphones
INFO 2025-05-11 22:39:56,030 views Formulaire soumis avec la catégorie: Smartphones
INFO 2025-05-11 22:40:56,666 views Formulaire soumis avec la catégorie: Smartphones
INFO 2025-05-11 22:40:56,706 form Ajout des champs dynamiques pour la catégorie: Smartphones
DEBUG 2025-05-11 22:40:56,706 form Champ ajouté: caracteristique_ecran (requis: True)
DEBUG 2025-05-11 22:40:56,706 form Champ ajouté: caracteristique_processeur (requis: True)
DEBUG 2025-05-11 22:40:56,706 form Champ ajouté: caracteristique_ram (requis: True)
DEBUG 2025-05-11 22:40:56,706 form Champ ajouté: caracteristique_stockage (requis: True)
DEBUG 2025-05-11 22:40:56,706 form Champ ajouté: caracteristique_couleur (requis: True)
DEBUG 2025-05-11 22:40:56,707 form Champ ajouté: caracteristique_appareil_photo (requis: False)
DEBUG 2025-05-11 22:40:56,707 form Champ ajouté: caracteristique_batterie (requis: False)
DEBUG 2025-05-11 22:40:56,707 form Champ ajouté: caracteristique_systeme (requis: False)
DEBUG 2025-05-11 22:40:56,707 form Champ ajouté: caracteristique_connectivite (requis: False)
DEBUG 2025-05-11 22:40:56,707 form Champ ajouté: caracteristique_resistance_eau (requis: False)
DEBUG 2025-05-11 22:40:56,707 form Champ ajouté: caracteristique_charge_rapide (requis: False)
DEBUG 2025-05-11 22:40:56,707 form Champ ajouté: caracteristique_biometrie (requis: False)
INFO 2025-05-11 22:43:23,474 form Ajout des champs dynamiques pour la catégorie: Smartphones
DEBUG 2025-05-11 22:43:23,474 form Champ ajouté: caracteristique_ecran (requis: True)
DEBUG 2025-05-11 22:43:23,476 form Champ ajouté: caracteristique_processeur (requis: True)
DEBUG 2025-05-11 22:43:23,476 form Champ ajouté: caracteristique_ram (requis: True)
DEBUG 2025-05-11 22:43:23,476 form Champ ajouté: caracteristique_stockage (requis: True)
DEBUG 2025-05-11 22:43:23,476 form Champ ajouté: caracteristique_couleur (requis: True)
DEBUG 2025-05-11 22:43:23,476 form Champ ajouté: caracteristique_appareil_photo (requis: False)
DEBUG 2025-05-11 22:43:23,476 form Champ ajouté: caracteristique_batterie (requis: False)
DEBUG 2025-05-11 22:43:23,476 form Champ ajouté: caracteristique_systeme (requis: False)
DEBUG 2025-05-11 22:43:23,476 form Champ ajouté: caracteristique_connectivite (requis: False)
DEBUG 2025-05-11 22:43:23,476 form Champ ajouté: caracteristique_resistance_eau (requis: False)
DEBUG 2025-05-11 22:43:23,476 form Champ ajouté: caracteristique_charge_rapide (requis: False)
DEBUG 2025-05-11 22:43:23,476 form Champ ajouté: caracteristique_biometrie (requis: False)
INFO 2025-05-11 22:43:58,189 views Formulaire soumis avec la catégorie: Smartphones
INFO 2025-05-11 22:43:58,241 form Ajout des champs dynamiques pour la catégorie: Smartphones
DEBUG 2025-05-11 22:43:58,241 form Champ ajouté: caracteristique_ecran (requis: True)
DEBUG 2025-05-11 22:43:58,241 form Champ ajouté: caracteristique_processeur (requis: True)
DEBUG 2025-05-11 22:43:58,241 form Champ ajouté: caracteristique_ram (requis: True)
DEBUG 2025-05-11 22:43:58,241 form Champ ajouté: caracteristique_stockage (requis: True)
DEBUG 2025-05-11 22:43:58,243 form Champ ajouté: caracteristique_couleur (requis: True)
DEBUG 2025-05-11 22:43:58,243 form Champ ajouté: caracteristique_appareil_photo (requis: False)
DEBUG 2025-05-11 22:43:58,243 form Champ ajouté: caracteristique_batterie (requis: False)
DEBUG 2025-05-11 22:43:58,243 form Champ ajouté: caracteristique_systeme (requis: False)
DEBUG 2025-05-11 22:43:58,243 form Champ ajouté: caracteristique_connectivite (requis: False)
DEBUG 2025-05-11 22:43:58,243 form Champ ajouté: caracteristique_resistance_eau (requis: False)
DEBUG 2025-05-11 22:43:58,244 form Champ ajouté: caracteristique_charge_rapide (requis: False)
DEBUG 2025-05-11 22:43:58,244 form Champ ajouté: caracteristique_biometrie (requis: False)
INFO 2025-05-11 22:45:01,990 form Ajout des champs dynamiques pour la catégorie: Smartphones
DEBUG 2025-05-11 22:45:01,991 form Champ ajouté: caracteristique_ecran (requis: True)
DEBUG 2025-05-11 22:45:01,991 form Champ ajouté: caracteristique_processeur (requis: True)
DEBUG 2025-05-11 22:45:01,991 form Champ ajouté: caracteristique_ram (requis: True)
DEBUG 2025-05-11 22:45:01,991 form Champ ajouté: caracteristique_stockage (requis: True)
DEBUG 2025-05-11 22:45:01,991 form Champ ajouté: caracteristique_couleur (requis: True)
DEBUG 2025-05-11 22:45:01,991 form Champ ajouté: caracteristique_appareil_photo (requis: False)
DEBUG 2025-05-11 22:45:01,991 form Champ ajouté: caracteristique_batterie (requis: False)
DEBUG 2025-05-11 22:45:01,992 form Champ ajouté: caracteristique_systeme (requis: False)
DEBUG 2025-05-11 22:45:01,992 form Champ ajouté: caracteristique_connectivite (requis: False)
DEBUG 2025-05-11 22:45:01,992 form Champ ajouté: caracteristique_resistance_eau (requis: False)
DEBUG 2025-05-11 22:45:01,992 form Champ ajouté: caracteristique_charge_rapide (requis: False)
DEBUG 2025-05-11 22:45:01,992 form Champ ajouté: caracteristique_biometrie (requis: False)
INFO 2025-05-11 22:46:36,165 form Ajout des champs dynamiques pour la catégorie: Smartphones
DEBUG 2025-05-11 22:46:36,165 form Champ ajouté: caracteristique_ecran (requis: True)
DEBUG 2025-05-11 22:46:36,166 form Champ ajouté: caracteristique_processeur (requis: True)
DEBUG 2025-05-11 22:46:36,166 form Champ ajouté: caracteristique_ram (requis: True)
DEBUG 2025-05-11 22:46:36,166 form Champ ajouté: caracteristique_stockage (requis: True)
DEBUG 2025-05-11 22:46:36,166 form Champ ajouté: caracteristique_couleur (requis: True)
DEBUG 2025-05-11 22:46:36,166 form Champ ajouté: caracteristique_appareil_photo (requis: False)
DEBUG 2025-05-11 22:46:36,166 form Champ ajouté: caracteristique_batterie (requis: False)
DEBUG 2025-05-11 22:46:36,168 form Champ ajouté: caracteristique_systeme (requis: False)
DEBUG 2025-05-11 22:46:36,168 form Champ ajouté: caracteristique_connectivite (requis: False)
DEBUG 2025-05-11 22:46:36,168 form Champ ajouté: caracteristique_resistance_eau (requis: False)
DEBUG 2025-05-11 22:46:36,168 form Champ ajouté: caracteristique_charge_rapide (requis: False)
DEBUG 2025-05-11 22:46:36,168 form Champ ajouté: caracteristique_biometrie (requis: False)
INFO 2025-05-11 22:50:34,872 views Formulaire soumis avec la catégorie: Accessoires
INFO 2025-05-11 22:50:34,880 form Ajout des champs dynamiques pour la catégorie: Accessoires
DEBUG 2025-05-11 22:50:34,880 form Champ ajouté: caracteristique_type_accessoire (requis: True)
DEBUG 2025-05-11 22:50:34,880 form Champ ajouté: caracteristique_compatibilite (requis: True)
DEBUG 2025-05-11 22:50:34,880 form Champ ajouté: caracteristique_connectivite (requis: False)
DEBUG 2025-05-11 22:50:34,882 form Champ ajouté: caracteristique_couleur (requis: False)
DEBUG 2025-05-11 22:50:34,882 form Champ ajouté: caracteristique_materiaux (requis: False)
DEBUG 2025-05-11 22:50:34,882 form Champ ajouté: caracteristique_dimensions (requis: False)
DEBUG 2025-05-11 22:50:34,882 form Champ ajouté: caracteristique_poids (requis: False)
DEBUG 2025-05-11 22:50:34,882 form Champ ajouté: caracteristique_resistance (requis: False)
DEBUG 2025-05-11 22:50:34,883 form Champ ajouté: caracteristique_garantie (requis: False)
DEBUG 2025-05-11 22:50:34,883 form Champ ajouté: caracteristique_caracteristiques_speciales (requis: False)
INFO 2025-05-11 22:50:53,398 views Formulaire soumis avec la catégorie: Stockage
INFO 2025-05-11 22:50:53,405 form Ajout des champs dynamiques pour la catégorie: Stockage
DEBUG 2025-05-11 22:50:53,405 form Champ ajouté: caracteristique_type_stockage (requis: True)
DEBUG 2025-05-11 22:50:53,405 form Champ ajouté: caracteristique_capacite (requis: True)
DEBUG 2025-05-11 22:50:53,405 form Champ ajouté: caracteristique_interface (requis: True)
DEBUG 2025-05-11 22:50:53,406 form Champ ajouté: caracteristique_vitesse_lecture (requis: False)
DEBUG 2025-05-11 22:50:53,406 form Champ ajouté: caracteristique_vitesse_ecriture (requis: False)
DEBUG 2025-05-11 22:50:53,406 form Champ ajouté: caracteristique_format (requis: False)
DEBUG 2025-05-11 22:50:53,406 form Champ ajouté: caracteristique_compatibilite (requis: False)
DEBUG 2025-05-11 22:50:53,406 form Champ ajouté: caracteristique_garantie (requis: False)
DEBUG 2025-05-11 22:50:53,407 form Champ ajouté: caracteristique_resistance (requis: False)
DEBUG 2025-05-11 22:50:53,407 form Champ ajouté: caracteristique_encryption (requis: False)
INFO 2025-05-12 11:56:40,674 views Formulaire soumis avec la catégorie: Accessoires
INFO 2025-05-12 11:56:40,827 form Ajout des champs dynamiques pour la catégorie: Accessoires
DEBUG 2025-05-12 11:56:40,828 form Champ ajouté: caracteristique_type_accessoire (requis: True)
DEBUG 2025-05-12 11:56:40,828 form Champ ajouté: caracteristique_compatibilite (requis: True)
DEBUG 2025-05-12 11:56:40,828 form Champ ajouté: caracteristique_connectivite (requis: False)
DEBUG 2025-05-12 11:56:40,828 form Champ ajouté: caracteristique_couleur (requis: False)
DEBUG 2025-05-12 11:56:40,828 form Champ ajouté: caracteristique_materiaux (requis: False)
DEBUG 2025-05-12 11:56:40,829 form Champ ajouté: caracteristique_dimensions (requis: False)
DEBUG 2025-05-12 11:56:40,829 form Champ ajouté: caracteristique_poids (requis: False)
DEBUG 2025-05-12 11:56:40,829 form Champ ajouté: caracteristique_resistance (requis: False)
DEBUG 2025-05-12 11:56:40,829 form Champ ajouté: caracteristique_garantie (requis: False)
DEBUG 2025-05-12 11:56:40,829 form Champ ajouté: caracteristique_caracteristiques_speciales (requis: False)
INFO 2025-05-12 11:57:48,928 form Ajout des champs dynamiques pour la catégorie: Accessoires
DEBUG 2025-05-12 11:57:48,928 form Champ ajouté: caracteristique_type_accessoire (requis: True)
DEBUG 2025-05-12 11:57:48,928 form Champ ajouté: caracteristique_compatibilite (requis: True)
DEBUG 2025-05-12 11:57:48,928 form Champ ajouté: caracteristique_connectivite (requis: False)
DEBUG 2025-05-12 11:57:48,929 form Champ ajouté: caracteristique_couleur (requis: False)
DEBUG 2025-05-12 11:57:48,929 form Champ ajouté: caracteristique_materiaux (requis: False)
DEBUG 2025-05-12 11:57:48,929 form Champ ajouté: caracteristique_dimensions (requis: False)
DEBUG 2025-05-12 11:57:48,929 form Champ ajouté: caracteristique_poids (requis: False)
DEBUG 2025-05-12 11:57:48,929 form Champ ajouté: caracteristique_resistance (requis: False)
DEBUG 2025-05-12 11:57:48,929 form Champ ajouté: caracteristique_garantie (requis: False)
DEBUG 2025-05-12 11:57:48,929 form Champ ajouté: caracteristique_caracteristiques_speciales (requis: False)
INFO 2025-05-12 12:47:13,232 views Formulaire soumis avec la catégorie: Smartphones
INFO 2025-05-12 12:47:13,237 form Ajout des champs dynamiques pour la catégorie: Smartphones
DEBUG 2025-05-12 12:47:13,237 form Champ ajouté: caracteristique_ecran (requis: True)
DEBUG 2025-05-12 12:47:13,238 form Champ ajouté: caracteristique_processeur (requis: True)
DEBUG 2025-05-12 12:47:13,238 form Champ ajouté: caracteristique_ram (requis: True)
DEBUG 2025-05-12 12:47:13,238 form Champ ajouté: caracteristique_stockage (requis: True)
DEBUG 2025-05-12 12:47:13,238 form Champ ajouté: caracteristique_couleur (requis: True)
DEBUG 2025-05-12 12:47:13,238 form Champ ajouté: caracteristique_appareil_photo (requis: False)
DEBUG 2025-05-12 12:47:13,239 form Champ ajouté: caracteristique_batterie (requis: False)
DEBUG 2025-05-12 12:47:13,239 form Champ ajouté: caracteristique_systeme (requis: False)
DEBUG 2025-05-12 12:47:13,239 form Champ ajouté: caracteristique_connectivite (requis: False)
DEBUG 2025-05-12 12:47:13,239 form Champ ajouté: caracteristique_resistance_eau (requis: False)
DEBUG 2025-05-12 12:47:13,239 form Champ ajouté: caracteristique_charge_rapide (requis: False)
DEBUG 2025-05-12 12:47:13,239 form Champ ajouté: caracteristique_biometrie (requis: False)
INFO 2025-05-12 20:46:42,052 views Formulaire soumis avec la catégorie: Accessoires
INFO 2025-05-12 20:46:42,378 form Ajout des champs dynamiques pour la catégorie: Accessoires
DEBUG 2025-05-12 20:46:42,380 form Champ ajouté: caracteristique_type_accessoire (requis: True)
DEBUG 2025-05-12 20:46:42,380 form Champ ajouté: caracteristique_compatibilite (requis: True)
DEBUG 2025-05-12 20:46:42,382 form Champ ajouté: caracteristique_connectivite (requis: False)
DEBUG 2025-05-12 20:46:42,383 form Champ ajouté: caracteristique_couleur (requis: False)
DEBUG 2025-05-12 20:46:42,384 form Champ ajouté: caracteristique_materiaux (requis: False)
DEBUG 2025-05-12 20:46:42,385 form Champ ajouté: caracteristique_dimensions (requis: False)
DEBUG 2025-05-12 20:46:42,386 form Champ ajouté: caracteristique_poids (requis: False)
DEBUG 2025-05-12 20:46:42,387 form Champ ajouté: caracteristique_resistance (requis: False)
DEBUG 2025-05-12 20:46:42,387 form Champ ajouté: caracteristique_garantie (requis: False)
DEBUG 2025-05-12 20:46:42,388 form Champ ajouté: caracteristique_caracteristiques_speciales (requis: False)
INFO 2025-05-12 20:47:19,059 form Ajout des champs dynamiques pour la catégorie: Accessoires
DEBUG 2025-05-12 20:47:19,060 form Champ ajouté: caracteristique_type_accessoire (requis: True)
DEBUG 2025-05-12 20:47:19,061 form Champ ajouté: caracteristique_compatibilite (requis: True)
DEBUG 2025-05-12 20:47:19,062 form Champ ajouté: caracteristique_connectivite (requis: False)
DEBUG 2025-05-12 20:47:19,062 form Champ ajouté: caracteristique_couleur (requis: False)
DEBUG 2025-05-12 20:47:19,063 form Champ ajouté: caracteristique_materiaux (requis: False)
DEBUG 2025-05-12 20:47:19,064 form Champ ajouté: caracteristique_dimensions (requis: False)
DEBUG 2025-05-12 20:47:19,065 form Champ ajouté: caracteristique_poids (requis: False)
DEBUG 2025-05-12 20:47:19,065 form Champ ajouté: caracteristique_resistance (requis: False)
DEBUG 2025-05-12 20:47:19,066 form Champ ajouté: caracteristique_garantie (requis: False)
DEBUG 2025-05-12 20:47:19,067 form Champ ajouté: caracteristique_caracteristiques_speciales (requis: False)
INFO 2025-05-14 17:34:18,297 views Formulaire soumis avec la catégorie: Smartphones
INFO 2025-05-14 17:34:18,408 form Ajout des champs dynamiques pour la catégorie: Smartphones
DEBUG 2025-05-14 17:34:18,409 form Champ ajouté: caracteristique_ecran (requis: True)
DEBUG 2025-05-14 17:34:18,409 form Champ ajouté: caracteristique_processeur (requis: True)
DEBUG 2025-05-14 17:34:18,409 form Champ ajouté: caracteristique_ram (requis: True)
DEBUG 2025-05-14 17:34:18,409 form Champ ajouté: caracteristique_stockage (requis: True)
DEBUG 2025-05-14 17:34:18,409 form Champ ajouté: caracteristique_couleur (requis: True)
DEBUG 2025-05-14 17:34:18,409 form Champ ajouté: caracteristique_appareil_photo (requis: False)
DEBUG 2025-05-14 17:34:18,410 form Champ ajouté: caracteristique_batterie (requis: False)
DEBUG 2025-05-14 17:34:18,410 form Champ ajouté: caracteristique_systeme (requis: False)
DEBUG 2025-05-14 17:34:18,410 form Champ ajouté: caracteristique_connectivite (requis: False)
DEBUG 2025-05-14 17:34:18,410 form Champ ajouté: caracteristique_resistance_eau (requis: False)
DEBUG 2025-05-14 17:34:18,410 form Champ ajouté: caracteristique_charge_rapide (requis: False)
DEBUG 2025-05-14 17:34:18,410 form Champ ajouté: caracteristique_biometrie (requis: False)
INFO 2025-05-14 17:37:42,641 form Ajout des champs dynamiques pour la catégorie: Smartphones
DEBUG 2025-05-14 17:37:42,642 form Champ ajouté: caracteristique_ecran (requis: True)
DEBUG 2025-05-14 17:37:42,642 form Champ ajouté: caracteristique_processeur (requis: True)
DEBUG 2025-05-14 17:37:42,642 form Champ ajouté: caracteristique_ram (requis: True)
DEBUG 2025-05-14 17:37:42,642 form Champ ajouté: caracteristique_stockage (requis: True)
DEBUG 2025-05-14 17:37:42,643 form Champ ajouté: caracteristique_couleur (requis: True)
DEBUG 2025-05-14 17:37:42,643 form Champ ajouté: caracteristique_appareil_photo (requis: False)
DEBUG 2025-05-14 17:37:42,643 form Champ ajouté: caracteristique_batterie (requis: False)
DEBUG 2025-05-14 17:37:42,643 form Champ ajouté: caracteristique_systeme (requis: False)
DEBUG 2025-05-14 17:37:42,643 form Champ ajouté: caracteristique_connectivite (requis: False)
DEBUG 2025-05-14 17:37:42,643 form Champ ajouté: caracteristique_resistance_eau (requis: False)
DEBUG 2025-05-14 17:37:42,643 form Champ ajouté: caracteristique_charge_rapide (requis: False)
DEBUG 2025-05-14 17:37:42,643 form Champ ajouté: caracteristique_biometrie (requis: False)
INFO 2025-05-14 17:42:37,593 views Formulaire soumis avec la catégorie: Smartphones
INFO 2025-05-14 17:42:37,598 form Ajout des champs dynamiques pour la catégorie: Smartphones
DEBUG 2025-05-14 17:42:37,598 form Champ ajouté: caracteristique_ecran (requis: True)
DEBUG 2025-05-14 17:42:37,598 form Champ ajouté: caracteristique_processeur (requis: True)
DEBUG 2025-05-14 17:42:37,598 form Champ ajouté: caracteristique_ram (requis: True)
DEBUG 2025-05-14 17:42:37,598 form Champ ajouté: caracteristique_stockage (requis: True)
DEBUG 2025-05-14 17:42:37,598 form Champ ajouté: caracteristique_couleur (requis: True)
DEBUG 2025-05-14 17:42:37,600 form Champ ajouté: caracteristique_appareil_photo (requis: False)
DEBUG 2025-05-14 17:42:37,600 form Champ ajouté: caracteristique_batterie (requis: False)
DEBUG 2025-05-14 17:42:37,600 form Champ ajouté: caracteristique_systeme (requis: False)
DEBUG 2025-05-14 17:42:37,600 form Champ ajouté: caracteristique_connectivite (requis: False)
DEBUG 2025-05-14 17:42:37,600 form Champ ajouté: caracteristique_resistance_eau (requis: False)
DEBUG 2025-05-14 17:42:37,600 form Champ ajouté: caracteristique_charge_rapide (requis: False)
DEBUG 2025-05-14 17:42:37,600 form Champ ajouté: caracteristique_biometrie (requis: False)
INFO 2025-05-14 17:45:27,254 form Ajout des champs dynamiques pour la catégorie: Smartphones
DEBUG 2025-05-14 17:45:27,254 form Champ ajouté: caracteristique_ecran (requis: True)
DEBUG 2025-05-14 17:45:27,254 form Champ ajouté: caracteristique_processeur (requis: True)
DEBUG 2025-05-14 17:45:27,254 form Champ ajouté: caracteristique_ram (requis: True)
DEBUG 2025-05-14 17:45:27,255 form Champ ajouté: caracteristique_stockage (requis: True)
DEBUG 2025-05-14 17:45:27,255 form Champ ajouté: caracteristique_couleur (requis: True)
DEBUG 2025-05-14 17:45:27,255 form Champ ajouté: caracteristique_appareil_photo (requis: False)
DEBUG 2025-05-14 17:45:27,255 form Champ ajouté: caracteristique_batterie (requis: False)
DEBUG 2025-05-14 17:45:27,255 form Champ ajouté: caracteristique_systeme (requis: False)
DEBUG 2025-05-14 17:45:27,255 form Champ ajouté: caracteristique_connectivite (requis: False)
DEBUG 2025-05-14 17:45:27,256 form Champ ajouté: caracteristique_resistance_eau (requis: False)
DEBUG 2025-05-14 17:45:27,256 form Champ ajouté: caracteristique_charge_rapide (requis: False)
DEBUG 2025-05-14 17:45:27,256 form Champ ajouté: caracteristique_biometrie (requis: False)
INFO 2025-05-14 17:54:09,558 views Formulaire soumis avec la catégorie: Smartphones
INFO 2025-05-14 17:54:09,599 form Ajout des champs dynamiques pour la catégorie: Smartphones
DEBUG 2025-05-14 17:54:09,599 form Champ ajouté: caracteristique_ecran (requis: True)
DEBUG 2025-05-14 17:54:09,599 form Champ ajouté: caracteristique_processeur (requis: True)
DEBUG 2025-05-14 17:54:09,599 form Champ ajouté: caracteristique_ram (requis: True)
DEBUG 2025-05-14 17:54:09,600 form Champ ajouté: caracteristique_stockage (requis: True)
DEBUG 2025-05-14 17:54:09,600 form Champ ajouté: caracteristique_couleur (requis: True)
DEBUG 2025-05-14 17:54:09,600 form Champ ajouté: caracteristique_appareil_photo (requis: False)
DEBUG 2025-05-14 17:54:09,600 form Champ ajouté: caracteristique_batterie (requis: False)
DEBUG 2025-05-14 17:54:09,600 form Champ ajouté: caracteristique_systeme (requis: False)
DEBUG 2025-05-14 17:54:09,600 form Champ ajouté: caracteristique_connectivite (requis: False)
DEBUG 2025-05-14 17:54:09,600 form Champ ajouté: caracteristique_resistance_eau (requis: False)
DEBUG 2025-05-14 17:54:09,600 form Champ ajouté: caracteristique_charge_rapide (requis: False)
DEBUG 2025-05-14 17:54:09,600 form Champ ajouté: caracteristique_biometrie (requis: False)
INFO 2025-05-14 17:56:44,368 form Ajout des champs dynamiques pour la catégorie: Smartphones
DEBUG 2025-05-14 17:56:44,369 form Champ ajouté: caracteristique_ecran (requis: True)
DEBUG 2025-05-14 17:56:44,369 form Champ ajouté: caracteristique_processeur (requis: True)
DEBUG 2025-05-14 17:56:44,369 form Champ ajouté: caracteristique_ram (requis: True)
DEBUG 2025-05-14 17:56:44,369 form Champ ajouté: caracteristique_stockage (requis: True)
DEBUG 2025-05-14 17:56:44,369 form Champ ajouté: caracteristique_couleur (requis: True)
DEBUG 2025-05-14 17:56:44,369 form Champ ajouté: caracteristique_appareil_photo (requis: False)
DEBUG 2025-05-14 17:56:44,369 form Champ ajouté: caracteristique_batterie (requis: False)
DEBUG 2025-05-14 17:56:44,371 form Champ ajouté: caracteristique_systeme (requis: False)
DEBUG 2025-05-14 17:56:44,371 form Champ ajouté: caracteristique_connectivite (requis: False)
DEBUG 2025-05-14 17:56:44,371 form Champ ajouté: caracteristique_resistance_eau (requis: False)
DEBUG 2025-05-14 17:56:44,371 form Champ ajouté: caracteristique_charge_rapide (requis: False)
DEBUG 2025-05-14 17:56:44,371 form Champ ajouté: caracteristique_biometrie (requis: False)
INFO 2025-05-14 18:02:05,034 views Formulaire soumis avec la catégorie: Smartphones
INFO 2025-05-14 18:02:05,037 form Ajout des champs dynamiques pour la catégorie: Smartphones
DEBUG 2025-05-14 18:02:05,037 form Champ ajouté: caracteristique_ecran (requis: True)
DEBUG 2025-05-14 18:02:05,038 form Champ ajouté: caracteristique_processeur (requis: True)
DEBUG 2025-05-14 18:02:05,038 form Champ ajouté: caracteristique_ram (requis: True)
DEBUG 2025-05-14 18:02:05,038 form Champ ajouté: caracteristique_stockage (requis: True)
DEBUG 2025-05-14 18:02:05,038 form Champ ajouté: caracteristique_couleur (requis: True)
DEBUG 2025-05-14 18:02:05,038 form Champ ajouté: caracteristique_appareil_photo (requis: False)
DEBUG 2025-05-14 18:02:05,038 form Champ ajouté: caracteristique_batterie (requis: False)
DEBUG 2025-05-14 18:02:05,039 form Champ ajouté: caracteristique_systeme (requis: False)
DEBUG 2025-05-14 18:02:05,039 form Champ ajouté: caracteristique_connectivite (requis: False)
DEBUG 2025-05-14 18:02:05,039 form Champ ajouté: caracteristique_resistance_eau (requis: False)
DEBUG 2025-05-14 18:02:05,039 form Champ ajouté: caracteristique_charge_rapide (requis: False)
DEBUG 2025-05-14 18:02:05,039 form Champ ajouté: caracteristique_biometrie (requis: False)
INFO 2025-05-14 18:04:35,835 form Ajout des champs dynamiques pour la catégorie: Smartphones
DEBUG 2025-05-14 18:04:35,835 form Champ ajouté: caracteristique_ecran (requis: True)
DEBUG 2025-05-14 18:04:35,835 form Champ ajouté: caracteristique_processeur (requis: True)
DEBUG 2025-05-14 18:04:35,836 form Champ ajouté: caracteristique_ram (requis: True)
DEBUG 2025-05-14 18:04:35,836 form Champ ajouté: caracteristique_stockage (requis: True)
DEBUG 2025-05-14 18:04:35,836 form Champ ajouté: caracteristique_couleur (requis: True)
DEBUG 2025-05-14 18:04:35,836 form Champ ajouté: caracteristique_appareil_photo (requis: False)
DEBUG 2025-05-14 18:04:35,836 form Champ ajouté: caracteristique_batterie (requis: False)
DEBUG 2025-05-14 18:04:35,836 form Champ ajouté: caracteristique_systeme (requis: False)
DEBUG 2025-05-14 18:04:35,836 form Champ ajouté: caracteristique_connectivite (requis: False)
DEBUG 2025-05-14 18:04:35,836 form Champ ajouté: caracteristique_resistance_eau (requis: False)
DEBUG 2025-05-14 18:04:35,836 form Champ ajouté: caracteristique_charge_rapide (requis: False)
DEBUG 2025-05-14 18:04:35,837 form Champ ajouté: caracteristique_biometrie (requis: False)
INFO 2025-05-14 19:01:01,382 views Formulaire soumis avec la catégorie: Ordinateurs
INFO 2025-05-14 19:01:01,386 form Ajout des champs dynamiques pour la catégorie: Ordinateurs
DEBUG 2025-05-14 19:01:01,388 form Champ ajouté: caracteristique_ecran (requis: True)
DEBUG 2025-05-14 19:01:01,388 form Champ ajouté: caracteristique_processeur (requis: True)
DEBUG 2025-05-14 19:01:01,388 form Champ ajouté: caracteristique_ram (requis: True)
DEBUG 2025-05-14 19:01:01,389 form Champ ajouté: caracteristique_stockage (requis: True)
DEBUG 2025-05-14 19:01:01,389 form Champ ajouté: caracteristique_carte_graphique (requis: False)
DEBUG 2025-05-14 19:01:01,390 form Champ ajouté: caracteristique_systeme (requis: False)
DEBUG 2025-05-14 19:01:01,390 form Champ ajouté: caracteristique_connectivite (requis: False)
DEBUG 2025-05-14 19:01:01,390 form Champ ajouté: caracteristique_type_ordinateur (requis: True)
DEBUG 2025-05-14 19:01:01,390 form Champ ajouté: caracteristique_poids (requis: False)
DEBUG 2025-05-14 19:01:01,390 form Champ ajouté: caracteristique_autonomie (requis: False)
DEBUG 2025-05-14 19:01:01,390 form Champ ajouté: caracteristique_ports (requis: False)
DEBUG 2025-05-14 19:01:01,390 form Champ ajouté: caracteristique_clavier (requis: False)
INFO 2025-05-14 19:05:39,874 form Ajout des champs dynamiques pour la catégorie: Ordinateurs
DEBUG 2025-05-14 19:05:39,876 form Champ ajouté: caracteristique_ecran (requis: True)
DEBUG 2025-05-14 19:05:39,876 form Champ ajouté: caracteristique_processeur (requis: True)
DEBUG 2025-05-14 19:05:39,876 form Champ ajouté: caracteristique_ram (requis: True)
DEBUG 2025-05-14 19:05:39,876 form Champ ajouté: caracteristique_stockage (requis: True)
DEBUG 2025-05-14 19:05:39,877 form Champ ajouté: caracteristique_carte_graphique (requis: False)
DEBUG 2025-05-14 19:05:39,877 form Champ ajouté: caracteristique_systeme (requis: False)
DEBUG 2025-05-14 19:05:39,877 form Champ ajouté: caracteristique_connectivite (requis: False)
DEBUG 2025-05-14 19:05:39,877 form Champ ajouté: caracteristique_type_ordinateur (requis: True)
DEBUG 2025-05-14 19:05:39,877 form Champ ajouté: caracteristique_poids (requis: False)
DEBUG 2025-05-14 19:05:39,877 form Champ ajouté: caracteristique_autonomie (requis: False)
DEBUG 2025-05-14 19:05:39,877 form Champ ajouté: caracteristique_ports (requis: False)
DEBUG 2025-05-14 19:05:39,878 form Champ ajouté: caracteristique_clavier (requis: False)
INFO 2025-05-14 19:08:24,921 views Formulaire soumis avec la catégorie: Ordinateurs
INFO 2025-05-14 19:08:24,926 form Ajout des champs dynamiques pour la catégorie: Ordinateurs
DEBUG 2025-05-14 19:08:24,926 form Champ ajouté: caracteristique_ecran (requis: True)
DEBUG 2025-05-14 19:08:24,926 form Champ ajouté: caracteristique_processeur (requis: True)
DEBUG 2025-05-14 19:08:24,926 form Champ ajouté: caracteristique_ram (requis: True)
DEBUG 2025-05-14 19:08:24,926 form Champ ajouté: caracteristique_stockage (requis: True)
DEBUG 2025-05-14 19:08:24,927 form Champ ajouté: caracteristique_carte_graphique (requis: False)
DEBUG 2025-05-14 19:08:24,927 form Champ ajouté: caracteristique_systeme (requis: False)
DEBUG 2025-05-14 19:08:24,927 form Champ ajouté: caracteristique_connectivite (requis: False)
DEBUG 2025-05-14 19:08:24,927 form Champ ajouté: caracteristique_type_ordinateur (requis: True)
DEBUG 2025-05-14 19:08:24,927 form Champ ajouté: caracteristique_poids (requis: False)
DEBUG 2025-05-14 19:08:24,927 form Champ ajouté: caracteristique_autonomie (requis: False)
DEBUG 2025-05-14 19:08:24,927 form Champ ajouté: caracteristique_ports (requis: False)
DEBUG 2025-05-14 19:08:24,928 form Champ ajouté: caracteristique_clavier (requis: False)
INFO 2025-05-14 19:13:03,415 form Ajout des champs dynamiques pour la catégorie: Ordinateurs
DEBUG 2025-05-14 19:13:03,415 form Champ ajouté: caracteristique_ecran (requis: True)
DEBUG 2025-05-14 19:13:03,415 form Champ ajouté: caracteristique_processeur (requis: True)
DEBUG 2025-05-14 19:13:03,416 form Champ ajouté: caracteristique_ram (requis: True)
DEBUG 2025-05-14 19:13:03,416 form Champ ajouté: caracteristique_stockage (requis: True)
DEBUG 2025-05-14 19:13:03,416 form Champ ajouté: caracteristique_carte_graphique (requis: False)
DEBUG 2025-05-14 19:13:03,416 form Champ ajouté: caracteristique_systeme (requis: False)
DEBUG 2025-05-14 19:13:03,416 form Champ ajouté: caracteristique_connectivite (requis: False)
DEBUG 2025-05-14 19:13:03,416 form Champ ajouté: caracteristique_type_ordinateur (requis: True)
DEBUG 2025-05-14 19:13:03,416 form Champ ajouté: caracteristique_poids (requis: False)
DEBUG 2025-05-14 19:13:03,416 form Champ ajouté: caracteristique_autonomie (requis: False)
DEBUG 2025-05-14 19:13:03,417 form Champ ajouté: caracteristique_ports (requis: False)
DEBUG 2025-05-14 19:13:03,417 form Champ ajouté: caracteristique_clavier (requis: False)
INFO 2025-05-14 19:18:47,484 views Formulaire soumis avec la catégorie: Ordinateurs
INFO 2025-05-14 19:18:47,488 form Ajout des champs dynamiques pour la catégorie: Ordinateurs
DEBUG 2025-05-14 19:18:47,489 form Champ ajouté: caracteristique_ecran (requis: True)
DEBUG 2025-05-14 19:18:47,489 form Champ ajouté: caracteristique_processeur (requis: True)
DEBUG 2025-05-14 19:18:47,489 form Champ ajouté: caracteristique_ram (requis: True)
DEBUG 2025-05-14 19:18:47,489 form Champ ajouté: caracteristique_stockage (requis: True)
DEBUG 2025-05-14 19:18:47,489 form Champ ajouté: caracteristique_carte_graphique (requis: False)
DEBUG 2025-05-14 19:18:47,489 form Champ ajouté: caracteristique_systeme (requis: False)
DEBUG 2025-05-14 19:18:47,490 form Champ ajouté: caracteristique_connectivite (requis: False)
DEBUG 2025-05-14 19:18:47,490 form Champ ajouté: caracteristique_type_ordinateur (requis: True)
DEBUG 2025-05-14 19:18:47,490 form Champ ajouté: caracteristique_poids (requis: False)
DEBUG 2025-05-14 19:18:47,490 form Champ ajouté: caracteristique_autonomie (requis: False)
DEBUG 2025-05-14 19:18:47,490 form Champ ajouté: caracteristique_ports (requis: False)
DEBUG 2025-05-14 19:18:47,491 form Champ ajouté: caracteristique_clavier (requis: False)
INFO 2025-05-14 19:22:48,295 form Ajout des champs dynamiques pour la catégorie: Ordinateurs
DEBUG 2025-05-14 19:22:48,296 form Champ ajouté: caracteristique_ecran (requis: True)
DEBUG 2025-05-14 19:22:48,296 form Champ ajouté: caracteristique_processeur (requis: True)
DEBUG 2025-05-14 19:22:48,297 form Champ ajouté: caracteristique_ram (requis: True)
DEBUG 2025-05-14 19:22:48,297 form Champ ajouté: caracteristique_stockage (requis: True)
DEBUG 2025-05-14 19:22:48,297 form Champ ajouté: caracteristique_carte_graphique (requis: False)
DEBUG 2025-05-14 19:22:48,298 form Champ ajouté: caracteristique_systeme (requis: False)
DEBUG 2025-05-14 19:22:48,298 form Champ ajouté: caracteristique_connectivite (requis: False)
DEBUG 2025-05-14 19:22:48,298 form Champ ajouté: caracteristique_type_ordinateur (requis: True)
DEBUG 2025-05-14 19:22:48,299 form Champ ajouté: caracteristique_poids (requis: False)
DEBUG 2025-05-14 19:22:48,299 form Champ ajouté: caracteristique_autonomie (requis: False)
DEBUG 2025-05-14 19:22:48,299 form Champ ajouté: caracteristique_ports (requis: False)
DEBUG 2025-05-14 19:22:48,300 form Champ ajouté: caracteristique_clavier (requis: False)
